<?xml version="1.0" encoding="UTF-8"?>
<!-- Generated by org.testng.reporters.JUnitXMLReporter -->
<testsuite hostname="YAROSLAV" ignored="0" name="Default test" tests="5" failures="0" timestamp="09 Jul 2018 20:24:29 GMT" time="60.351" errors="0">
  <testcase name="medalTable" time="0.517" classname="olympics.Main"/>
  <testcase name="theMost" time="4.982" classname="olympics.Main"/>
  <testcase name="COUNTRY_BY_MEDAL" time="2.288" classname="olympics.Main"/>
  <testcase name="GET_INDEX" time="1.169" classname="olympics.Main"/>
  <testcase name="Sum18" time="1.607" classname="olympics.Main"/>
</testsuite> <!-- Default test -->
